Arguments: 
  C:\Program Files\nodejs\node.exe C:\Users\Andrew-PC\AppData\Roaming\npm\node_modules\yarn\bin\yarn.js install

PATH: 
  C:\Windows\system32;C:\Windows;C:\Windows\System32\Wbem;C:\Windows\System32\WindowsPowerShell\v1.0\;C:\Windows\System32\OpenSSH\;C:\Program Files (x86)\NVIDIA Corporation\PhysX\Common;C:\Program Files\Git\cmd;C:\Program Files\nodejs\;C:\Program Files\dotnet\;C:\Users\Andrew-PC\AppData\Local\Microsoft\WindowsApps;C:\Users\Andrew-PC\AppData\Roaming\npm;C:\Program Files\JetBrains\WebStorm 2021.3.3\bin;;C:\Users\Andrew-PC\WebstormProjects\converter_currency\node_modules\.bin

Yarn version: 
  1.22.19

Node version: 
  18.12.1

Platform: 
  win32 x64

Trace: 
  Error: EPERM: operation not permitted, copyfile 'C:\Users\Andrew-PC\AppData\Local\Yarn\Cache\v6\npm-@mui-system-5.11.15-075fa6aef5ec765ea9573bf654049cf72066364d-integrity\node_modules\@mui\system\Unstable_Grid\package.json' -> 'C:\Users\Andrew-PC\WebstormProjects\converter_currency\node_modules\@mui\system\Unstable_Grid\package.json'

npm manifest: 
  {
    "name": "calc_app",
    "version": "0.1.0",
    "private": true,
    "dependencies": {
      "@emotion/react": "^11.10.6",
      "@emotion/styled": "^11.10.6",
      "@mui/icons-material": "^5.11.11",
      "@mui/material": "^5.11.14",
      "axios": "^1.3.4",
      "mobx": "^6.9.0",
      "mobx-react-lite": "^4.0.2",
      "sass": "^1.60.0",
      "@testing-library/jest-dom": "^5.14.1",
      "@testing-library/react": "^13.0.0",
      "@testing-library/user-event": "^13.2.1",
      "@types/jest": "^27.0.1",
      "@types/node": "^16.7.13",
      "@types/react": "^18.0.0",
      "@types/react-dom": "^18.0.0",
      "@types/react-router-dom": "^5.3.3",
      "react": "^18.1.0",
      "react-dom": "^18.1.0",
      "react-hook-form": "^7.30.0",
      "react-router-dom": "^6.3.0",
      "react-scripts": "5.0.1",
      "typescript": "^5.0.2",
      "web-vitals": "^2.1.0"
    },
    "scripts": {
      "start": "react-scripts start",
      "build": "react-scripts build",
      "test": "react-scripts test",
      "eject": "react-scripts eject"
    },
    "browserslist": {
      "production": [
        ">0.2%",
        "not dead",
        "not op_mini all"
      ],
      "development": [
        "last 1 chrome version",
        "last 1 firefox version",
        "last 1 safari version"
      ]
    },
    "devDependencies": {
      "@typescript-eslint/eslint-plugin": "^5.23.0",
      "@typescript-eslint/parser": "^5.23.0",
      "eslint": "^8.15.0",
      "eslint-config-airbnb": "^19.0.4",
      "eslint-config-prettier": "^8.5.0",
      "eslint-import-resolver-typescript": "^2.7.1",
      "eslint-plugin-import": "^2.26.0",
      "eslint-plugin-jsx-a11y": "^6.5.1",
      "eslint-plugin-prettier": "^4.0.0",
      "eslint-plugin-react": "^7.29.4",
      "eslint-plugin-react-hooks": "^4.5.0",
      "prettier": "^2.6.2"
    }
  }

yarn manifest: 
  No manifest

Lockfile: 
  No lockfile
